e:\studies\programming\game programming 2\gp2-lab3-runner\endlessrunner\debug\vc142.pdb
e:\studies\programming\game programming 2\gp2-lab3-runner\endlessrunner\debug\vc142.idb
e:\studies\programming\game programming 2\gp2-lab3-runner\endlessrunner\debug\transform.obj
e:\studies\programming\game programming 2\gp2-lab3-runner\endlessrunner\debug\spritesheet.obj
e:\studies\programming\game programming 2\gp2-lab3-runner\endlessrunner\debug\spritemanager.obj
e:\studies\programming\game programming 2\gp2-lab3-runner\endlessrunner\debug\sprite.obj
e:\studies\programming\game programming 2\gp2-lab3-runner\endlessrunner\debug\sdlmanager.obj
e:\studies\programming\game programming 2\gp2-lab3-runner\endlessrunner\debug\screen.obj
e:\studies\programming\game programming 2\gp2-lab3-runner\endlessrunner\debug\rendermanager.obj
e:\studies\programming\game programming 2\gp2-lab3-runner\endlessrunner\debug\main.obj
e:\studies\programming\game programming 2\gp2-lab3-runner\endlessrunner\debug\heliummath.obj
e:\studies\programming\game programming 2\gp2-lab3-runner\endlessrunner\debug\heliumcollision.obj
e:\studies\programming\game programming 2\gp2-lab3-runner\endlessrunner\debug\game.obj
e:\studies\programming\game programming 2\gp2-lab3-runner\endlessrunner\debug\animation.obj
e:\studies\programming\game programming 2\gp2-lab3-runner\debug\endlessrunner.pdb
e:\studies\programming\game programming 2\gp2-lab3-runner\endlessrunner\debug\endlessrunner.tlog\cl.command.1.tlog
e:\studies\programming\game programming 2\gp2-lab3-runner\endlessrunner\debug\endlessrunner.tlog\cl.read.1.tlog
e:\studies\programming\game programming 2\gp2-lab3-runner\endlessrunner\debug\endlessrunner.tlog\cl.write.1.tlog
e:\studies\programming\game programming 2\gp2-lab3-runner\endlessrunner\debug\endlessrunner.tlog\link-cvtres.read.1.tlog
e:\studies\programming\game programming 2\gp2-lab3-runner\endlessrunner\debug\endlessrunner.tlog\link-cvtres.write.1.tlog
e:\studies\programming\game programming 2\gp2-lab3-runner\endlessrunner\debug\endlessrunner.tlog\link-rc.read.1.tlog
e:\studies\programming\game programming 2\gp2-lab3-runner\endlessrunner\debug\endlessrunner.tlog\link-rc.write.1.tlog
e:\studies\programming\game programming 2\gp2-lab3-runner\endlessrunner\debug\endlessrunner.tlog\link.command.1.tlog
e:\studies\programming\game programming 2\gp2-lab3-runner\endlessrunner\debug\endlessrunner.tlog\link.read.1.tlog
e:\studies\programming\game programming 2\gp2-lab3-runner\endlessrunner\debug\endlessrunner.tlog\link.write.1.tlog
